# JRE version: OpenJDK Runtime Environment (8.0_242-b01) (build 1.8.0_242-release-1644-b01)
# Java VM: OpenJDK 64-Bit Server VM (25.242-b01 mixed mode windows-amd64 compressed oops)
Heap:
 PSYoungGen      total 388608K, used 177887K [0x00000000d5580000, 0x00000000f5b00000, 0x0000000100000000)
  eden space 364544K, 45% used [0x00000000d5580000,0x00000000df87f038,0x00000000eb980000)
  from space 24064K, 45% used [0x00000000eb980000,0x00000000ec438dc0,0x00000000ed100000)
  to   space 27136K, 0% used [0x00000000f4080000,0x00000000f4080000,0x00000000f5b00000)
 ParOldGen       total 134144K, used 66449K [0x0000000080000000, 0x0000000088300000, 0x00000000d5580000)
  object space 134144K, 49% used [0x0000000080000000,0x00000000840e47b0,0x0000000088300000)
 Metaspace       used 93408K, capacity 98458K, committed 99148K, reserved 1134592K
  class space    used 12118K, capacity 13027K, committed 13184K, reserved 1048576K
GC Heap History (10 events):
Event: 2296.798 GC heap before
{Heap before GC invocations=21 (full 3):
 PSYoungGen      total 323584K, used 321786K [0x00000000d5580000, 0x00000000ef200000, 0x0000000100000000)
  eden space 301056K, 100% used [0x00000000d5580000,0x00000000e7b80000,0x00000000e7b80000)
  from space 22528K, 92% used [0x00000000e7b80000,0x00000000e8fbe880,0x00000000e9180000)
  to   space 25088K, 0% used [0x00000000ed980000,0x00000000ed980000,0x00000000ef200000)
 ParOldGen       total 87552K, used 51401K [0x0000000080000000, 0x0000000085580000, 0x00000000d5580000)
  object space 87552K, 58% used [0x0000000080000000,0x00000000832327e0,0x0000000085580000)
 Metaspace       used 89845K, capacity 94632K, committed 94680K, reserved 1130496K
  class space    used 11909K, capacity 12792K, committed 12800K, reserved 1048576K
Event: 2297.651 GC heap after
Heap after GC invocations=21 (full 3):
 PSYoungGen      total 379904K, used 9978K [0x00000000d5580000, 0x00000000ee880000, 0x0000000100000000)
  eden space 364544K, 0% used [0x00000000d5580000,0x00000000d5580000,0x00000000eb980000)
  from space 15360K, 64% used [0x00000000ed980000,0x00000000ee33e930,0x00000000ee880000)
  to   space 24064K, 0% used [0x00000000eb980000,0x00000000eb980000,0x00000000ed100000)
 ParOldGen       total 87552K, used 56188K [0x0000000080000000, 0x0000000085580000, 0x00000000d5580000)
  object space 87552K, 64% used [0x0000000080000000,0x00000000836df0e0,0x0000000085580000)
 Metaspace       used 89845K, capacity 94632K, committed 94680K, reserved 1130496K
  class space    used 11909K, capacity 12792K, committed 12800K, reserved 1048576K
}
Event: 3829.300 GC heap before
{Heap before GC invocations=22 (full 3):
 PSYoungGen      total 379904K, used 374522K [0x00000000d5580000, 0x00000000ee880000, 0x0000000100000000)
  eden space 364544K, 100% used [0x00000000d5580000,0x00000000eb980000,0x00000000eb980000)
  from space 15360K, 64% used [0x00000000ed980000,0x00000000ee33e930,0x00000000ee880000)
  to   space 24064K, 0% used [0x00000000eb980000,0x00000000eb980000,0x00000000ed100000)
 ParOldGen       total 87552K, used 56188K [0x0000000080000000, 0x0000000085580000, 0x00000000d5580000)
  object space 87552K, 64% used [0x0000000080000000,0x00000000836df0e0,0x0000000085580000)
 Metaspace       used 92527K, capacity 97730K, committed 97880K, reserved 1134592K
  class space    used 12140K, capacity 13079K, committed 13184K, reserved 1048576K
Event: 3829.478 GC heap after
Heap after GC invocations=22 (full 3):
 PSYoungGen      total 388608K, used 24053K [0x00000000d5580000, 0x00000000f3480000, 0x0000000100000000)
  eden space 364544K, 0% used [0x00000000d5580000,0x00000000d5580000,0x00000000eb980000)
  from space 24064K, 99% used [0x00000000eb980000,0x00000000ed0fd420,0x00000000ed100000)
  to   space 29696K, 0% used [0x00000000f1780000,0x00000000f1780000,0x00000000f3480000)
 ParOldGen       total 87552K, used 61133K [0x0000000080000000, 0x0000000085580000, 0x00000000d5580000)
  object space 87552K, 69% used [0x0000000080000000,0x0000000083bb36b0,0x0000000085580000)
 Metaspace       used 92527K, capacity 97730K, committed 97880K, reserved 1134592K
  class space    used 12140K, capacity 13079K, committed 13184K, reserved 1048576K
}
Event: 3830.962 GC heap before
{Heap before GC invocations=23 (full 3):
 PSYoungGen      total 388608K, used 88390K [0x00000000d5580000, 0x00000000f3480000, 0x0000000100000000)
  eden space 364544K, 17% used [0x00000000d5580000,0x00000000d9454438,0x00000000eb980000)
  from space 24064K, 99% used [0x00000000eb980000,0x00000000ed0fd420,0x00000000ed100000)
  to   space 29696K, 0% used [0x00000000f1780000,0x00000000f1780000,0x00000000f3480000)
 ParOldGen       total 87552K, used 61133K [0x0000000080000000, 0x0000000085580000, 0x00000000d5580000)
  object space 87552K, 69% used [0x0000000080000000,0x0000000083bb36b0,0x0000000085580000)
 Metaspace       used 92958K, capacity 98222K, committed 98380K, reserved 1134592K
  class space    used 12154K, capacity 13083K, committed 13184K, reserved 1048576K
Event: 3831.201 GC heap after
Heap after GC invocations=23 (full 3):
 PSYoungGen      total 394240K, used 8827K [0x00000000d5580000, 0x00000000f3480000, 0x0000000100000000)
  eden space 364544K, 0% used [0x00000000d5580000,0x00000000d5580000,0x00000000eb980000)
  from space 29696K, 29% used [0x00000000f1780000,0x00000000f201ed78,0x00000000f3480000)
  to   space 24064K, 0% used [0x00000000eb980000,0x00000000eb980000,0x00000000ed100000)
 ParOldGen       total 87552K, used 82770K [0x0000000080000000, 0x0000000085580000, 0x00000000d5580000)
  object space 87552K, 94% used [0x0000000080000000,0x00000000850d49f0,0x0000000085580000)
 Metaspace       used 92958K, capacity 98222K, committed 98380K, reserved 1134592K
  class space    used 12154K, capacity 13083K, committed 13184K, reserved 1048576K
}
Event: 3831.226 GC heap before
{Heap before GC invocations=24 (full 4):
 PSYoungGen      total 394240K, used 8827K [0x00000000d5580000, 0x00000000f3480000, 0x0000000100000000)
  eden space 364544K, 0% used [0x00000000d5580000,0x00000000d5580000,0x00000000eb980000)
  from space 29696K, 29% used [0x00000000f1780000,0x00000000f201ed78,0x00000000f3480000)
  to   space 24064K, 0% used [0x00000000eb980000,0x00000000eb980000,0x00000000ed100000)
 ParOldGen       total 87552K, used 82770K [0x0000000080000000, 0x0000000085580000, 0x00000000d5580000)
  object space 87552K, 94% used [0x0000000080000000,0x00000000850d49f0,0x0000000085580000)
 Metaspace       used 92958K, capacity 98222K, committed 98380K, reserved 1134592K
  class space    used 12154K, capacity 13083K, committed 13184K, reserved 1048576K
Event: 3834.317 GC heap after
Heap after GC invocations=24 (full 4):
 PSYoungGen      total 394240K, used 0K [0x00000000d5580000, 0x00000000f3480000, 0x0000000100000000)
  eden space 364544K, 0% used [0x00000000d5580000,0x00000000d5580000,0x00000000eb980000)
  from space 29696K, 0% used [0x00000000f1780000,0x00000000f1780000,0x00000000f3480000)
  to   space 24064K, 0% used [0x00000000eb980000,0x00000000eb980000,0x00000000ed100000)
 ParOldGen       total 134144K, used 66441K [0x0000000080000000, 0x0000000088300000, 0x00000000d5580000)
  object space 134144K, 49% used [0x0000000080000000,0x00000000840e27b0,0x0000000088300000)
 Metaspace       used 92621K, capacity 97556K, committed 98380K, reserved 1134592K
  class space    used 12082K, capacity 12950K, committed 13184K, reserved 1048576K
}
Event: 3841.961 GC heap before
{Heap before GC invocations=25 (full 4):
 PSYoungGen      total 394240K, used 364544K [0x00000000d5580000, 0x00000000f3480000, 0x0000000100000000)
  eden space 364544K, 100% used [0x00000000d5580000,0x00000000eb980000,0x00000000eb980000)
  from space 29696K, 0% used [0x00000000f1780000,0x00000000f1780000,0x00000000f3480000)
  to   space 24064K, 0% used [0x00000000eb980000,0x00000000eb980000,0x00000000ed100000)
 ParOldGen       total 134144K, used 66441K [0x0000000080000000, 0x0000000088300000, 0x00000000d5580000)
  object space 134144K, 49% used [0x0000000080000000,0x00000000840e27b0,0x0000000088300000)
 Metaspace       used 93359K, capacity 98384K, committed 99148K, reserved 1134592K
  class space    used 12116K, capacity 13024K, committed 13184K, reserved 1048576K
Event: 3842.049 GC heap after
Heap after GC invocations=25 (full 4):
 PSYoungGen      total 388608K, used 10979K [0x00000000d5580000, 0x00000000f5b00000, 0x0000000100000000)
  eden space 364544K, 0% used [0x00000000d5580000,0x00000000d5580000,0x00000000eb980000)
  from space 24064K, 45% used [0x00000000eb980000,0x00000000ec438dc0,0x00000000ed100000)
  to   space 27136K, 0% used [0x00000000f4080000,0x00000000f4080000,0x00000000f5b00000)
 ParOldGen       total 134144K, used 66449K [0x0000000080000000, 0x0000000088300000, 0x00000000d5580000)
  object space 134144K, 49% used [0x0000000080000000,0x00000000840e47b0,0x0000000088300000)
 Metaspace       used 93359K, capacity 98384K, committed 99148K, reserved 1134592K
  class space    used 12116K, capacity 13024K, committed 13184K, reserved 1048576K
}

